Total unused space is 7.33MB
    help/systems/assets/2fa-google.png
    help/inventory-management/assets/diagram-source/diagram-stock.svg
    help/inventory-management/assets/diagram-source/diagram-quantity.svg
    help/inventory-management/assets/diagram-source/diagram-simple-order-flow.svg
    help/inventory-management/assets/diagram-source/diagram-order-refund.svg
    help/inventory-management/assets/diagram-source/diagram-order-complex.svg
    help/inventory-management/assets/diagram-source/diagram-salable-quantity.svg
    help/inventory-management/assets/diagram-source/diagram-reservation.svg
    help/inventory-management/assets/diagram-source/diagram-complicated-order-flow.svg
    help/inventory-management/assets/diagram-source/diagram-sources.svg
    help/content-design/assets/aem-assets-create-metadata-schema.png
    help/content-design/assets/commerce-events-config.png
    help/content-design/assets/aem-assets-config-matching-rule.png
    help/content-design/assets/editor-btn-insert-variable.png
    help/content-design/assets/aem-integration-admin-enable.png
    help/content-design/assets/aem-assets-manage-metadata-schema.png
    help/merchandising-promotions/assets/footer-tag-section.png
    help/merchandising-promotions/assets/head-tag.png
    help/merchandising-promotions/assets/price-rule-scheduled-changes-new.png
    help/catalog/assets/ar-viewer-catalog-menu.png
    help/catalog/assets/scope-product-website.drawio
    help/catalog/assets/catalog-price-scope.drawio
    help/catalog/assets/catalog-hierarchy-scope.drawio
    help/getting-started/assets/admin-uex-commerceadmin-view.png
    help/getting-started/assets/maidenform-site-stats.png
    help/getting-started/assets/menu-icon.png
    help/getting-started/assets/help-icon.png
    help/getting-started/assets/customer-segments.png
    help/getting-started/assets/data-connection.png
    help/getting-started/assets/search-icon.png
    help/getting-started/assets/about-commerce.png
    help/getting-started/assets/default-search-rule.png
    help/getting-started/assets/mobile-app-data.png
    help/getting-started/assets/comprehensive-extensibility.png
    help/getting-started/assets/admin-uex-login.png
    help/getting-started/assets/notifications-icon.png
    help/getting-started/assets/admin-uex-help-center.png
    help/getting-started/assets/use-case-playbook.png
    help/getting-started/assets/maidenform-site.png
    help/getting-started/assets/preferences-icon.png
    help/stores-purchase/assets/order-workflow.png
    help/stores-purchase/assets/scope-single-view.svg
    help/stores-purchase/assets/scope-product-website.svg
    help/stores-purchase/assets/scope-multistore.drawio
    help/stores-purchase/assets/scope-product-website.drawio
    help/stores-purchase/assets/scope-multisite.drawio
    help/stores-purchase/assets/scope-single-view.drawio
    help/stores-purchase/assets/scope-multiview.drawio
    help/stores-purchase/assets/scope-currency-config.drawio
    help/assets/icon-next-arrow.png
    help/assets/icon-download.png
    help/assets/icon-showfilters.png
    help/b2b/assets/quote-checkout-shipping-address-locked.png
    help/b2b/assets/company-grid-user-assignments.png
    help/b2b/assets/shared-catalog-grid-set-pricing-structure.png
    help/b2b/assets/quote-update-draft-from-admin.png
    help/b2b/assets/assign-selected-companies.png
    help/b2b/assets/company-general.png
    help/b2b/assets/quote-apply-line-item-discount.png
    help/b2b/assets/quote-draft-add-discount-and-note.png
    help/b2b/assets/account-dashboard-my-quotes-list.png
    help/b2b/assets/quotes-create-template-from-quote.png
    help/b2b/assets/company-admin-account-dashboard.png
    help/b2b/assets/quote-full.png
    help/b2b/assets/company-structure-diagram.drawio
    help/b2b/assets/company-config-view.png
    help/b2b/assets/customer-select-company-buyer.png
    help/b2b/assets/company-structure-remove-user.png
    help/b2b/assets/company-apply-advanced-settings-action.png
    help/b2b/assets/quote-detail-beta-features.png
    help/b2b/assets/quote-example.png
    help/b2b/assets/company-structure-teams.png
    help/b2b/assets/catalog-price-scope-website.png
    help/b2b/assets/menu-companies.png
    help/b2b/assets/company-profile.png
    help/b2b/assets/quote-request-from-cart-comments-beta.png
    help/b2b/assets/assign-selected-companies-hierarchy.png
    help/b2b/assets/shared-catalog-assign-companies-grid.png
    help/b2b/assets/b2b-features-company-enabled.png
    help/b2b/assets/account-dashboard-my-quote-detail.png
    help/b2b/assets/quote-draft-submitted-confirmation.png
    help/b2b/assets/company-detail-view.png
    help/b2b/assets/company-create-admin.png
    help/b2b/assets/company-structure-teams-diagram.drawio
    help/configuration-reference/advanced/assets/admin-uex-configuration.png
    help/configuration-reference/advanced/assets/admin-adobe-services-general-configuration.png
    help/configuration-reference/sales/assets/payment-ccfields-settings.png
    help/customers/assets/requisition-list-add-product.png
    help/customers/assets/epc-admin-config.png
    help/customers/assets/personalization-journey.png
    help/landing/assets/banner-user-home.psd
    help/landing/assets/icon-transfer-to-platform.svg
    help/landing/assets/icon-data-setting.svg
    help/landing/assets/icon-monitoring.svg
    help/landing/assets/icon-credit-card.svg
    help/landing/assets/icon-thumbs-up.svg
    help/landing/assets/icon-export.svg
    help/landing/assets/icon-data-book.svg
    help/landing/assets/icon-feed.svg
    help/landing/assets/icon-magnify.svg
